d:\workshop\github\protectprocess\qapplicationframe\protectprocess\debug\tools_south.obj
d:\workshop\github\protectprocess\qapplicationframe\protectprocess\debug\systeminfo.obj
d:\workshop\github\protectprocess\qapplicationframe\protectprocess\debug\lgqdumper.obj
d:\workshop\github\protectprocess\qapplicationframe\protectprocess\debug\mainapplication.obj
d:\workshop\github\protectprocess\qapplicationframe\protectprocess\debug\moc_systeminfo.obj
d:\workshop\github\protectprocess\qapplicationframe\protectprocess\debug\moc_mainapplication.obj
d:\workshop\github\protectprocess\qapplicationframe\protectprocess\debug\vc142.pdb
d:\workshop\github\protectprocess\qapplicationframe\protectprocess\debug\main.obj
d:\workshop\github\protectprocess\qapplicationframe\debug\protectprocess.exe
d:\workshop\github\protectprocess\qapplicationframe\debug\protectprocess.ilk
d:\workshop\github\protectprocess\qapplicationframe\debug\protectprocess.pdb
d:\workshop\github\protectprocesses\protectprocess\protectprocess\debug\moc\moc_systeminfo.cpp
d:\workshop\github\protectprocesses\protectprocess\protectprocess\debug\moc\moc_mainapplication.cpp
d:\workshop\github\protectprocess\qapplicationframe\protectprocess\debug\moc\moc_systeminfo.cpp
d:\workshop\github\protectprocess\qapplicationframe\protectprocess\debug\moc\moc_mainapplication.cpp
d:\workshop\github\protectprocesses\protectprocess\protectprocess\debug\lgqdumper.obj
d:\workshop\github\protectprocesses\protectprocess\protectprocess\debug\main.obj
d:\workshop\github\protectprocesses\protectprocess\protectprocess\debug\mainapplication.obj
d:\workshop\github\protectprocesses\protectprocess\protectprocess\debug\moc_mainapplication.obj
d:\workshop\github\protectprocesses\protectprocess\protectprocess\debug\moc_systeminfo.obj
d:\workshop\github\protectprocesses\protectprocess\protectprocess\debug\systeminfo.obj
d:\workshop\github\protectprocesses\protectprocess\protectprocess\debug\tools_south.obj
d:\workshop\github\protectprocesses\protectprocess\protectprocess\debug\vc142.pdb
d:\workshop\github\protectprocesses\protectprocess\protectprocess\debug\vc143.pdb
d:\workshop\github\protectprocesses\protectprocess\debug\protectprocess.pdb
d:\workshop\github\protectprocesses\protectprocess\debug\protectprocess.exe
d:\workshop\github\protectprocesses\protectprocess\debug\protectprocess.ilk
d:\workshop\github\protectprocesses\protectprocess\protectprocess\debug\protectprocess.tlog\cl.command.1.tlog
d:\workshop\github\protectprocesses\protectprocess\protectprocess\debug\protectprocess.tlog\cl.read.1.tlog
d:\workshop\github\protectprocesses\protectprocess\protectprocess\debug\protectprocess.tlog\cl.write.1.tlog
d:\workshop\github\protectprocesses\protectprocess\protectprocess\debug\protectprocess.tlog\link.command.1.tlog
d:\workshop\github\protectprocesses\protectprocess\protectprocess\debug\protectprocess.tlog\link.read.1.tlog
d:\workshop\github\protectprocesses\protectprocess\protectprocess\debug\protectprocess.tlog\link.write.1.tlog
d:\workshop\github\protectprocesses\protectprocess\protectprocess\debug\protectprocess.tlog\moc.read.1u.tlog
d:\workshop\github\protectprocesses\protectprocess\protectprocess\debug\protectprocess.tlog\moc.write.1u.tlog
d:\workshop\github\protectprocesses\protectprocess\protectprocess\debug\protectprocess.tlog\protectprocess.write.1u.tlog
