d:\workshop\github\protectprocesses\protectprocess\protectprocess\release\lgqdumper.obj
d:\workshop\github\protectprocesses\protectprocess\protectprocess\release\systeminfo.obj
d:\workshop\github\protectprocesses\protectprocess\protectprocess\release\mainapplication.obj
d:\workshop\github\protectprocesses\protectprocess\protectprocess\release\view.obj
d:\workshop\github\protectprocesses\protectprocess\protectprocess\release\main.obj
d:\workshop\github\protectprocesses\protectprocess\protectprocess\release\tools_south.obj
d:\workshop\github\protectprocesses\protectprocess\protectprocess\release\vc142.pdb
d:\workshop\github\protectprocesses\protectprocess\protectprocess\release\qrc_source.obj
d:\workshop\github\protectprocesses\protectprocess\protectprocess\release\moc_view.obj
d:\workshop\github\protectprocesses\protectprocess\protectprocess\release\moc_mainapplication.obj
d:\workshop\github\protectprocesses\protectprocess\protectprocess\release\moc_systeminfo.obj
d:\workshop\github\protectprocesses\protectprocess\release\protectprocess.exe
d:\workshop\github\protectprocesses\protectprocess\release\protectprocess.ilk
d:\workshop\github\protectprocesses\protectprocess\release\protectprocess.pdb
d:\workshop\github\protectprocesses\protectprocess\protectprocess\release\moc\moc_view.cpp
d:\workshop\github\protectprocess\qapplicationframe\protectprocess\release\moc\moc_systeminfo.cpp
d:\workshop\github\protectprocess\qapplicationframe\protectprocess\release\moc\moc_mainapplication.cpp
d:\workshop\github\protectprocesses\protectprocess\protectprocess\release\moc\moc_systeminfo.cpp
d:\workshop\github\protectprocesses\protectprocess\protectprocess\release\moc\moc_mainapplication.cpp
d:\workshop\github\protectprocesses\protectprocess\protectprocess\release\uic\ui_view.h
d:\workshop\github\protectprocesses\protectprocess\protectprocess\release\uic\ui_viewwidget.h
d:\workshop\github\protectprocesses\protectprocess\protectprocess\release\rcc\qrc_source.cpp
d:\workshop\github\protectprocesses\protectprocess\protectprocess\release\protectprocess.tlog\cl.command.1.tlog
d:\workshop\github\protectprocesses\protectprocess\protectprocess\release\protectprocess.tlog\cl.read.1.tlog
d:\workshop\github\protectprocesses\protectprocess\protectprocess\release\protectprocess.tlog\cl.write.1.tlog
d:\workshop\github\protectprocesses\protectprocess\protectprocess\release\protectprocess.tlog\link.command.1.tlog
d:\workshop\github\protectprocesses\protectprocess\protectprocess\release\protectprocess.tlog\link.read.1.tlog
d:\workshop\github\protectprocesses\protectprocess\protectprocess\release\protectprocess.tlog\link.write.1.tlog
d:\workshop\github\protectprocesses\protectprocess\protectprocess\release\protectprocess.tlog\moc.read.1u.tlog
d:\workshop\github\protectprocesses\protectprocess\protectprocess\release\protectprocess.tlog\moc.write.1u.tlog
d:\workshop\github\protectprocesses\protectprocess\protectprocess\release\protectprocess.tlog\protectprocess.write.1u.tlog
d:\workshop\github\protectprocesses\protectprocess\protectprocess\release\protectprocess.tlog\rcc.read.1u.tlog
d:\workshop\github\protectprocesses\protectprocess\protectprocess\release\protectprocess.tlog\rcc.write.1u.tlog
d:\workshop\github\protectprocesses\protectprocess\protectprocess\release\protectprocess.tlog\uic.read.1u.tlog
d:\workshop\github\protectprocesses\protectprocess\protectprocess\release\protectprocess.tlog\uic.write.1u.tlog
